[    0.000000] Initializing cgroup subsys cpuset
[    0.000000] Initializing cgroup subsys cpu
[    0.000000] Initializing cgroup subsys cpuacct
[    0.000000] Linux version 4.4.0-97-generic (buildd@lcy01-33) (gcc version 5.4.0 20160609 (Ubuntu 5.4.0-6ubuntu1~16.04.4) ) #120-Ubuntu SMP Tue Sep 19 17:28:18 UTC 2017 (Ubuntu 4.4.0-97.120-generic 4.4.87)
[    0.000000] Command line: BOOT_IMAGE=/boot/vmlinuz-4.4.0-97-generic root=LABEL=cloudimg-rootfs ro console=tty1 console=ttyS0
[    0.000000] KERNEL supported cpus:
[    0.000000]   Intel GenuineIntel
[    0.000000]   AMD AuthenticAMD
[    0.000000]   Centaur CentaurHauls
[    0.000000] x86/fpu: xstate_offset[2]:  576, xstate_sizes[2]:  256
[    0.000000] x86/fpu: Supporting XSAVE feature 0x01: 'x87 floating point registers'
[    0.000000] x86/fpu: Supporting XSAVE feature 0x02: 'SSE registers'
[    0.000000] x86/fpu: Supporting XSAVE feature 0x04: 'AVX registers'
[    0.000000] x86/fpu: Enabled xstate features 0x7, context size is 832 bytes, using 'standard' format.
[    0.000000] x86/fpu: Using 'lazy' FPU context switches.
[    0.000000] e820: BIOS-provided physical RAM map:
[    0.000000] BIOS-e820: [mem 0x0000000000000000-0x000000000009fbff] usable
[    0.000000] BIOS-e820: [mem 0x000000000009fc00-0x000000000009ffff] reserved
[    0.000000] BIOS-e820: [mem 0x00000000000f0000-0x00000000000fffff] reserved
[    0.000000] BIOS-e820: [mem 0x0000000000100000-0x000000003ffeffff] usable
[    0.000000] BIOS-e820: [mem 0x000000003fff0000-0x000000003fffffff] ACPI data
[    0.000000] BIOS-e820: [mem 0x00000000fec00000-0x00000000fec00fff] reserved
[    0.000000] BIOS-e820: [mem 0x00000000fee00000-0x00000000fee00fff] reserved
[    0.000000] BIOS-e820: [mem 0x00000000fffc0000-0x00000000ffffffff] reserved
[    0.000000] NX (Execute Disable) protection: active
[    0.000000] SMBIOS 2.5 present.
[    0.000000] Hypervisor detected: KVM
[    0.000000] e820: last_pfn = 0x3fff0 max_arch_pfn = 0x400000000
[    0.000000] MTRR: Disabled
[    0.000000] x86/PAT: MTRRs disabled, skipping PAT initialization too.
[    0.000000] CPU MTRRs all blank - virtualized system.
[    0.000000] x86/PAT: Configuration [0-7]: WB  WT  UC- UC  WB  WT  UC- UC  
[    0.000000] found SMP MP-table at [mem 0x0009fff0-0x0009ffff] mapped at [ffff88000009fff0]
[    0.000000] Scanning 1 areas for low memory corruption
[    0.000000] RAMDISK: [mem 0x36adc000-0x37565fff]
[    0.000000] ACPI: Early table checksum verification disabled
[    0.000000] ACPI: RSDP 0x00000000000E0000 000024 (v02 VBOX  )
[    0.000000] ACPI: XSDT 0x000000003FFF0030 00003C (v01 VBOX   VBOXXSDT 00000001 ASL  00000061)
[    0.000000] ACPI: FACP 0x000000003FFF00F0 0000F4 (v04 VBOX   VBOXFACP 00000001 ASL  00000061)
[    0.000000] ACPI: DSDT 0x000000003FFF0470 0021C8 (v02 VBOX   VBOXBIOS 00000002 INTL 20100528)
[    0.000000] ACPI: FACS 0x000000003FFF0200 000040
[    0.000000] ACPI: FACS 0x000000003FFF0200 000040
[    0.000000] ACPI: APIC 0x000000003FFF0240 00005C (v02 VBOX   VBOXAPIC 00000001 ASL  00000061)
[    0.000000] ACPI: SSDT 0x000000003FFF02A0 0001CC (v01 VBOX   VBOXCPUT 00000002 INTL 20100528)
[    0.000000] No NUMA configuration found
[    0.000000] Faking a node at [mem 0x0000000000000000-0x000000003ffeffff]
[    0.000000] NODE_DATA(0) allocated [mem 0x3ffeb000-0x3ffeffff]
[    0.000000] kvm-clock: Using msrs 4b564d01 and 4b564d00
[    0.000000] kvm-clock: cpu 0, msr 0:3ffe3001, primary cpu clock
[    0.000000] kvm-clock: using sched offset of 3574476631 cycles
[    0.000000] clocksource: kvm-clock: mask: 0xffffffffffffffff max_cycles: 0x1cd42e4dffb, max_idle_ns: 881590591483 ns
[    0.000000] Zone ranges:
[    0.000000]   DMA      [mem 0x0000000000001000-0x0000000000ffffff]
[    0.000000]   DMA32    [mem 0x0000000001000000-0x000000003ffeffff]
[    0.000000]   Normal   empty
[    0.000000]   Device   empty
[    0.000000] Movable zone start for each node
[    0.000000] Early memory node ranges
[    0.000000]   node   0: [mem 0x0000000000001000-0x000000000009efff]
[    0.000000]   node   0: [mem 0x0000000000100000-0x000000003ffeffff]
[    0.000000] Initmem setup node 0 [mem 0x0000000000001000-0x000000003ffeffff]
[    0.000000] ACPI: PM-Timer IO Port: 0x4008
[    0.000000] IOAPIC[0]: apic_id 2, version 32, address 0xfec00000, GSI 0-23
[    0.000000] ACPI: INT_SRC_OVR (bus 0 bus_irq 0 global_irq 2 dfl dfl)
[    0.000000] ACPI: INT_SRC_OVR (bus 0 bus_irq 9 global_irq 9 high level)
[    0.000000] Using ACPI (MADT) for SMP configuration information
[    0.000000] smpboot: Allowing 2 CPUs, 0 hotplug CPUs
[    0.000000] PM: Registered nosave memory: [mem 0x00000000-0x00000fff]
[    0.000000] PM: Registered nosave memory: [mem 0x0009f000-0x0009ffff]
[    0.000000] PM: Registered nosave memory: [mem 0x000a0000-0x000effff]
[    0.000000] PM: Registered nosave memory: [mem 0x000f0000-0x000fffff]
[    0.000000] e820: [mem 0x40000000-0xfebfffff] available for PCI devices
[    0.000000] Booting paravirtualized kernel on KVM
[    0.000000] clocksource: refined-jiffies: mask: 0xffffffff max_cycles: 0xffffffff, max_idle_ns: 7645519600211568 ns
[    0.000000] setup_percpu: NR_CPUS:512 nr_cpumask_bits:512 nr_cpu_ids:2 nr_node_ids:1
[    0.000000] PERCPU: Embedded 34 pages/cpu @ffff88003fc00000 s98328 r8192 d32744 u1048576
[    0.000000] PV qspinlock hash table entries: 256 (order: 0, 4096 bytes)
[    0.000000] Built 1 zonelists in Node order, mobility grouping on.  Total pages: 257913
[    0.000000] Policy zone: DMA32
[    0.000000] Kernel command line: BOOT_IMAGE=/boot/vmlinuz-4.4.0-97-generic root=LABEL=cloudimg-rootfs ro console=tty1 console=ttyS0
[    0.000000] PID hash table entries: 4096 (order: 3, 32768 bytes)
[    0.000000] Memory: 1001772K/1048120K available (8480K kernel code, 1294K rwdata, 3984K rodata, 1492K init, 1316K bss, 46348K reserved, 0K cma-reserved)
[    0.000000] SLUB: HWalign=64, Order=0-3, MinObjects=0, CPUs=2, Nodes=1
[    0.000000] Hierarchical RCU implementation.
[    0.000000] 	Build-time adjustment of leaf fanout to 64.
[    0.000000] 	RCU restricting CPUs from NR_CPUS=512 to nr_cpu_ids=2.
[    0.000000] RCU: Adjusting geometry for rcu_fanout_leaf=64, nr_cpu_ids=2
[    0.000000] NR_IRQS:33024 nr_irqs:440 16
[    0.000000] Console: colour VGA+ 80x25
[    0.000000] console [tty1] enabled
[    0.000000] console [ttyS0] enabled
[    0.000000] tsc: Detected 3403.348 MHz processor
[    0.970898] Calibrating delay loop (skipped) preset value.. 6806.69 BogoMIPS (lpj=13613392)
[    1.027443] pid_max: default: 32768 minimum: 301
[    1.028447] ACPI: Core revision 20150930
[    1.059430] ACPI: 2 ACPI AML tables successfully acquired and loaded
[    1.096264] Security Framework initialized
[    1.138545] Yama: becoming mindful.
[    1.139284] AppArmor: AppArmor initialized
[    1.144967] Dentry cache hash table entries: 131072 (order: 8, 1048576 bytes)
[    1.159942] Inode-cache hash table entries: 65536 (order: 7, 524288 bytes)
[    1.196374] Mount-cache hash table entries: 2048 (order: 2, 16384 bytes)
[    1.200612] Mountpoint-cache hash table entries: 2048 (order: 2, 16384 bytes)
[    1.237621] Initializing cgroup subsys io
[    1.250321] Initializing cgroup subsys memory
[    1.253168] Initializing cgroup subsys devices
[    1.253927] Initializing cgroup subsys freezer
[    1.254682] Initializing cgroup subsys net_cls
[    1.255434] Initializing cgroup subsys perf_event
[    1.259926] Initializing cgroup subsys net_prio
[    1.278912] Initializing cgroup subsys hugetlb
[    1.300321] Initializing cgroup subsys pids
[    1.309069] CPU: Physical Processor ID: 0
[    1.315364] CPU: Processor Core ID: 0
[    1.316528] mce: CPU supports 0 MCE banks
[    1.317303] Last level iTLB entries: 4KB 512, 2MB 8, 4MB 8
[    1.318307] Last level dTLB entries: 4KB 512, 2MB 32, 4MB 32, 1GB 0
[    1.359300] Freeing SMP alternatives memory: 32K
[    1.397176] ftrace: allocating 32148 entries in 126 pages
[    1.471609] smpboot: APIC(0) Converting physical 0 to logical package 0
[    1.480526] smpboot: Max logical packages: 1
[    1.484486] x2apic enabled
[    1.500644] Switched APIC routing to physical x2apic.
[    1.520741] ..TIMER: vector=0x30 apic1=0 pin1=2 apic2=-1 pin2=-1
[    1.643908] smpboot: CPU0: Intel(R) Core(TM) i5-3570K CPU @ 3.40GHz (family: 0x6, model: 0x3a, stepping: 0x9)
[    1.657506] Performance Events: unsupported p6 CPU model 58 no PMU driver, software events only.
[    1.663090] KVM setup paravirtual spinlock
[    1.687988] x86: Booting SMP configuration:
[    1.694725] .... node  #0, CPUs:      #1
[    1.718931] kvm-clock: cpu 1, msr 0:3ffe3041, secondary cpu clock
[    1.756045] mce: CPU supports 0 MCE banks
[    1.764322] x86: Booted up 1 node, 2 CPUs
[    1.783496] smpboot: Total of 2 processors activated (13613.39 BogoMIPS)
[    1.819023] devtmpfs: initialized
[    1.822480] evm: security.selinux
[    1.859355] evm: security.SMACK64
[    1.866343] evm: security.SMACK64EXEC
[    1.867031] evm: security.SMACK64TRANSMUTE
[    1.867745] evm: security.SMACK64MMAP
[    1.878723] evm: security.ima
[    1.912853] evm: security.capability
[    1.924254] clocksource: jiffies: mask: 0xffffffff max_cycles: 0xffffffff, max_idle_ns: 7645041785100000 ns
[    1.949142] futex hash table entries: 512 (order: 3, 32768 bytes)
[    1.970805] pinctrl core: initialized pinctrl subsystem
[    2.006931] RTC time: 19:03:18, date: 12/21/17
[    2.054581] NET: Registered protocol family 16
[    2.072953] cpuidle: using governor ladder
[    2.096501] cpuidle: using governor menu
[    2.122608] PCCT header not found.
[    2.126125] ACPI: bus type PCI registered
[    2.126826] acpiphp: ACPI Hot Plug PCI Controller Driver version: 0.5
[    2.128578] PCI: Using configuration type 1 for base access
[    2.164849] ACPI: Added _OSI(Module Device)
[    2.209334] ACPI: Added _OSI(Processor Device)
[    2.210122] ACPI: Added _OSI(3.0 _SCP Extensions)
[    2.266805] ACPI: Added _OSI(Processor Aggregator Device)
[    2.268592] ACPI: Executed 1 blocks of module-level executable AML code
[    2.282840] ACPI: Interpreter enabled
[    2.302577] ACPI: (supports S0 S5)
[    2.303209] ACPI: Using IOAPIC for interrupt routing
[    2.304200] PCI: Using host bridge windows from ACPI; if necessary, use "pci=nocrs" and report a bug
[    2.308736] ACPI: PCI Root Bridge [PCI0] (domain 0000 [bus 00-ff])
[    2.329360] acpi PNP0A03:00: _OSC: OS supports [ASPM ClockPM Segments MSI]
[    2.359185] acpi PNP0A03:00: _OSC failed (AE_NOT_FOUND); disabling ASPM
[    2.363660] acpi PNP0A03:00: fail to add MMCONFIG information, can't access extended PCI configuration space under this bridge.
[    2.456044] PCI host bridge to bus 0000:00
[    2.478694] pci_bus 0000:00: root bus resource [io  0x0000-0x0cf7 window]
[    2.496964] pci_bus 0000:00: root bus resource [io  0x0d00-0xffff window]
[    2.510813] pci_bus 0000:00: root bus resource [mem 0x000a0000-0x000bffff window]
[    2.526239] pci_bus 0000:00: root bus resource [mem 0x40000000-0xffdfffff window]
[    2.535878] pci_bus 0000:00: root bus resource [bus 00-ff]
[    2.573373] pci 0000:00:01.1: legacy IDE quirk: reg 0x10: [io  0x01f0-0x01f7]
[    2.631768] pci 0000:00:01.1: legacy IDE quirk: reg 0x14: [io  0x03f6]
[    2.658427] pci 0000:00:01.1: legacy IDE quirk: reg 0x18: [io  0x0170-0x0177]
[    2.659636] pci 0000:00:01.1: legacy IDE quirk: reg 0x1c: [io  0x0376]
[    2.711832] pci 0000:00:07.0: quirk: [io  0x4000-0x403f] claimed by PIIX4 ACPI
[    2.733613] pci 0000:00:07.0: quirk: [io  0x4100-0x410f] claimed by PIIX4 SMB
[    2.787044] ACPI: PCI Interrupt Link [LNKA] (IRQs 5 9 10 *11)
[    2.849481] ACPI: PCI Interrupt Link [LNKB] (IRQs 5 9 10 *11)
[    2.868426] ACPI: PCI Interrupt Link [LNKC] (IRQs 5 9 *10 11)
[    2.876663] ACPI: PCI Interrupt Link [LNKD] (IRQs 5 *9 10 11)
[    2.889686] ACPI: Enabled 2 GPEs in block 00 to 07
[    2.903483] vgaarb: setting as boot device: PCI:0000:00:02.0
[    2.920303] vgaarb: device added: PCI:0000:00:02.0,decodes=io+mem,owns=io+mem,locks=none
[    2.938308] vgaarb: loaded
[    2.945905] vgaarb: bridge control possible 0000:00:02.0
[    2.947023] SCSI subsystem initialized
[    2.958740] ACPI: bus type USB registered
[    2.960900] usbcore: registered new interface driver usbfs
[    2.984239] usbcore: registered new interface driver hub
[    2.998379] usbcore: registered new device driver usb
[    3.010367] PCI: Using ACPI for IRQ routing
[    3.020600] NetLabel: Initializing
[    3.034329] NetLabel:  domain hash size = 128
[    3.046727] NetLabel:  protocols = UNLABELED CIPSOv4
[    3.065361] NetLabel:  unlabeled traffic allowed by default
[    3.068945] amd_nb: Cannot enumerate AMD northbridges
[    3.071357] clocksource: Switched to clocksource kvm-clock
[    3.147516] AppArmor: AppArmor Filesystem Enabled
[    3.167633] pnp: PnP ACPI init
[    3.175241] pnp: PnP ACPI: found 3 devices
[    3.215931] clocksource: acpi_pm: mask: 0xffffff max_cycles: 0xffffff, max_idle_ns: 2085701024 ns
[    3.266761] NET: Registered protocol family 2
[    3.267796] TCP established hash table entries: 8192 (order: 4, 65536 bytes)
[    3.291695] TCP bind hash table entries: 8192 (order: 5, 131072 bytes)
[    3.316803] TCP: Hash tables configured (established 8192 bind 8192)
[    3.317880] UDP hash table entries: 512 (order: 2, 16384 bytes)
[    3.318879] UDP-Lite hash table entries: 512 (order: 2, 16384 bytes)
[    3.320110] NET: Registered protocol family 1
[    3.327392] pci 0000:00:00.0: Limiting direct PCI/PCI transfers
[    3.353154] pci 0000:00:01.0: Activating ISA DMA hang workarounds
[    3.390070] Unpacking initramfs...
[    5.507022] Freeing initrd memory: 10792K
[    5.514176] RAPL PMU detected, API unit is 2^-32 Joules, 3 fixed counters 10737418240 ms ovfl timer
[    5.557236] hw unit of domain pp0-core 2^-0 Joules
[    5.561317] hw unit of domain package 2^-0 Joules
[    5.566407] hw unit of domain pp1-gpu 2^-0 Joules
[    5.576053] platform rtc_cmos: registered platform RTC device (no PNP device found)
[    5.601938] Scanning for low memory corruption every 60 seconds
[    5.628081] audit: initializing netlink subsys (disabled)
[    5.639215] audit: type=2000 audit(1513883005.040:1): initialized
[    5.643520] Initialise system trusted keyring
[    5.664358] HugeTLB registered 2 MB page size, pre-allocated 0 pages
[    5.673736] zbud: loaded
[    5.684385] VFS: Disk quotas dquot_6.6.0
[    5.694348] VFS: Dquot-cache hash table entries: 512 (order 0, 4096 bytes)
[    5.722436] squashfs: version 4.0 (2009/01/31) Phillip Lougher
[    5.736824] fuse init (API version 7.23)
[    5.745554] Key type big_key registered
[    5.749757] Allocating IMA MOK and blacklist keyrings.
[    5.765906] Key type asymmetric registered
[    5.789609] Asymmetric key parser 'x509' registered
[    5.795373] Block layer SCSI generic (bsg) driver version 0.4 loaded (major 249)
[    5.804874] io scheduler noop registered
[    5.815058] io scheduler deadline registered (default)
[    5.843751] io scheduler cfq registered
[    5.846177] pci_hotplug: PCI Hot Plug PCI Core version: 0.5
[    5.853170] pciehp: PCI Express Hot Plug Controller Driver version: 0.4
[    5.859387] ACPI: AC Adapter [AC] (on-line)
[    5.863669] input: Power Button as /devices/LNXSYSTM:00/LNXPWRBN:00/input/input0
[    5.870521] ACPI: Power Button [PWRF]
[    5.872550] input: Sleep Button as /devices/LNXSYSTM:00/LNXSLPBN:00/input/input1
[    5.884459] ACPI: Sleep Button [SLPF]
[    5.892901] GHES: HEST is not enabled!
[    5.902151] Serial: 8250/16550 driver, 32 ports, IRQ sharing enabled
[    5.940077] 00:02: ttyS0 at I/O 0x3f8 (irq = 4, base_baud = 115200) is a 16550A
[    5.955983] Linux agpgart interface v0.103
[    5.971656] loop: module loaded
[    5.995757] scsi host0: ata_piix
[    6.002432] scsi host1: ata_piix
[    6.004299] ata1: PATA max UDMA/33 cmd 0x1f0 ctl 0x3f6 bmdma 0xd000 irq 14
[    6.010465] ata2: PATA max UDMA/33 cmd 0x170 ctl 0x376 bmdma 0xd008 irq 15
[    6.038161] libphy: Fixed MDIO Bus: probed
[    6.039027] tun: Universal TUN/TAP device driver, 1.6
[    6.039952] tun: (C) 1999-2004 Max Krasnyansky <maxk@qualcomm.com>
[    6.057543] PPP generic driver version 2.4.2
[    6.066627] ehci_hcd: USB 2.0 'Enhanced' Host Controller (EHCI) Driver
[    6.073518] ehci-pci: EHCI PCI platform driver
[    6.098791] ehci-platform: EHCI generic platform driver
[    6.110716] ohci_hcd: USB 1.1 'Open' Host Controller (OHCI) Driver
[    6.112927] ohci-pci: OHCI PCI platform driver
[    6.139467] ohci-platform: OHCI generic platform driver
[    6.156287] uhci_hcd: USB Universal Host Controller Interface driver
[    6.170627] i8042: PNP: PS/2 Controller [PNP0303:PS2K,PNP0f03:PS2M] at 0x60,0x64 irq 1,12
[    6.172452] serio: i8042 KBD port at 0x60,0x64 irq 1
[    6.173329] serio: i8042 AUX port at 0x60,0x64 irq 12
[    6.195962] mousedev: PS/2 mouse device common for all mice
[    6.206323] input: AT Translated Set 2 keyboard as /devices/platform/i8042/serio0/input/input2
[    6.212040] rtc_cmos rtc_cmos: rtc core: registered rtc_cmos as rtc0
[    6.212099] rtc_cmos rtc_cmos: alarms up to one day, 114 bytes nvram
[    6.212105] i2c /dev entries driver
[    6.212162] device-mapper: uevent: version 1.0.3
[    6.212209] device-mapper: ioctl: 4.34.0-ioctl (2015-10-28) initialised: dm-devel@redhat.com
[    6.212222] ledtrig-cpu: registered to indicate activity on CPUs
[    6.212442] NET: Registered protocol family 10
[    6.212549] NET: Registered protocol family 17
[    6.212556] Key type dns_resolver registered
[    6.226148] microcode: CPU0 sig=0x306a9, pf=0x2, revision=0x19
[    6.226407] microcode: CPU1 sig=0x306a9, pf=0x2, revision=0x19
[    6.226468] microcode: Microcode Update Driver: v2.01 <tigran@aivazian.fsnet.co.uk>, Peter Oruba
[    6.226573] registered taskstats version 1
[    6.226587] Loading compiled-in X.509 certificates
[    6.227256] Loaded X.509 cert 'Build time autogenerated kernel key: d1010f9627fd9242df4b03365d2931dfd1ad3d42'
[    6.227279] zswap: loaded using pool lzo/zbud
[    6.228618] Key type trusted registered
[    6.230601] Key type encrypted registered
[    6.230607] AppArmor: AppArmor sha1 policy hashing enabled
[    6.230609] ima: No TPM chip found, activating TPM-bypass!
[    6.230625] evm: HMAC attrs: 0x1
[    6.230937]   Magic number: 13:145:92
[    6.230964]  container: hash matches
[    6.240383] rtc_cmos rtc_cmos: setting system clock to 2017-12-21 19:03:22 UTC (1513883002)
[    6.240488] BIOS EDD facility v0.16 2004-Jun-25, 0 devices found
[    6.240488] EDD information not available.
[    6.394834] Freeing unused kernel memory: 1492K
[    6.405879] Write protecting the kernel read-only data: 14336k
[    6.407237] Freeing unused kernel memory: 1748K
[    6.414704] Freeing unused kernel memory: 112K
Loading, please [    6.432646] random: systemd-udevd: uninitialized urandom read (16 bytes read, 3 bits of entropy available)
wait...
starting version 229
[    6.433164] random: udevadm: uninitialized urandom read (16 bytes read, 3 bits of entropy available)
[    6.433209] random: udevadm: uninitialized urandom read (16 bytes read, 3 bits of entropy available)
[    6.433308] random: udevadm: uninitialized urandom read (16 bytes read, 3 bits of entropy available)
[    6.433345] random: udevadm: uninitialized urandom read (16 bytes read, 3 bits of entropy available)
[    6.433380] random: udevadm: uninitialized urandom read (16 bytes read, 3 bits of entropy available)
[    6.433415] random: udevadm: uninitialized urandom read (16 bytes read, 3 bits of entropy available)
[    6.433451] random: udevadm: uninitialized urandom read (16 bytes read, 3 bits of entropy available)
[    6.433492] random: udevadm: uninitialized urandom read (16 bytes read, 3 bits of entropy available)
[    6.433528] random: udevadm: uninitialized urandom read (16 bytes read, 3 bits of entropy available)
[    6.555395] e1000: Intel(R) PRO/1000 Network Driver - version 7.3.21-k8-NAPI
[    6.570932] e1000: Copyright (c) 1999-2006 Intel Corporation.
[    6.587679] tsc: Refined TSC clocksource calibration: 3402.335 MHz
[    6.620664] clocksource: tsc: mask: 0xffffffffffffffff max_cycles: 0x310aec88a93, max_idle_ns: 440795345094 ns
[    6.650183] AVX version of gcm_enc/dec engaged.
[    6.652073] Fusion MPT base driver 3.04.20
[    6.652074] Copyright (c) 1999-2008 LSI Corporation
[    6.679913] AES CTR mode by8 optimization enabled
[    6.693107] Fusion MPT SPI Host driver 3.04.20
[    6.891243] input: ImExPS/2 Generic Explorer Mouse as /devices/platform/i8042/serio1/input/input4
[    7.044143] e1000 0000:00:03.0 eth0: (PCI:33MHz:32-bit) 02:14:68:3e:84:47
[    7.061390] e1000 0000:00:03.0 eth0: Intel(R) PRO/1000 Network Connection
[    7.443870] e1000 0000:00:08.0 eth1: (PCI:33MHz:32-bit) 08:00:27:9e:10:65
[    7.470922] e1000 0000:00:08.0 eth1: Intel(R) PRO/1000 Network Connection
[    7.475090] mptbase: ioc0: Initiating bringup
[    7.475642] e1000 0000:00:03.0 enp0s3: renamed from eth0
[    7.511907] e1000 0000:00:08.0 enp0s8: renamed from eth1
[    7.563796] ioc0: LSI53C1030 A0: Capabilities={Initiator}
[    7.732593] scsi host2: ioc0: LSI53C1030 A0, FwRev=00000000h, Ports=1, MaxQ=256, IRQ=20
[    7.884704] scsi 2:0:0:0: Direct-Access     VBOX     HARDDISK         1.0  PQ: 0 ANSI: 5
[    7.930105] scsi target2:0:0: Beginning Domain Validation
[    7.968548] scsi target2:0:0: Domain Validation skipping write tests
[    7.982773] scsi target2:0:0: Ending Domain Validation
[    7.998826] scsi target2:0:0: asynchronous
[    8.008671] scsi 2:0:1:0: Direct-Access     VBOX     HARDDISK         1.0  PQ: 0 ANSI: 5
[    8.039030] scsi target2:0:1: Beginning Domain Validation
[    8.045924] scsi target2:0:1: Domain Validation skipping write tests
[    8.070280] scsi target2:0:1: Ending Domain Validation
[    8.071246] scsi target2:0:1: asynchronous
[    8.102614] sd 2:0:0:0: Attached scsi generic sg0 type 0
[    8.110882] sd 2:0:0:0: [sda] 20971520 512-byte logical blocks: (10.7 GB/10.0 GiB)
[    8.143438] sd 2:0:0:0: [sda] Write Protect is off
[    8.143780] sd 2:0:1:0: [sdb] 20480 512-byte logical blocks: (10.5 MB/10.0 MiB)
[    8.143908] sd 2:0:1:0: [sdb] Write Protect is off
[    8.144003] sd 2:0:1:0: [sdb] Incomplete mode parameter data
[    8.144004] sd 2:0:1:0: [sdb] Assuming drive cache: write through
[    8.192687] sd 2:0:0:0: [sda] Incomplete mode parameter data
[    8.192745] sd 2:0:1:0: Attached scsi generic sg1 type 0
[    8.195450] sd 2:0:1:0: [sdb] Attached SCSI disk
[    8.211476] sd 2:0:0:0: [sda] Assuming drive cache: write through
[    8.223101]  sda: sda1
[    8.233665] sd 2:0:0:0: [sda] Attached SCSI disk
[    9.591477] floppy0: no floppy controllers found
Begin: Loading e[   10.900043] md: linear personality registered for level -1
ssential drivers[   10.924181] md: multipath personality registered for level -4
 ... [   10.968555] md: raid0 personality registered for level 0
[   10.985433] md: raid1 personality registered for level 1
[   11.067758] raid6: sse2x1   gen()  9190 MB/s
[   11.135522] raid6: sse2x1   xor()  7199 MB/s
[   11.215735] raid6: sse2x2   gen() 11353 MB/s
[   11.295407] raid6: sse2x2   xor()  7752 MB/s
[   11.383636] raid6: sse2x4   gen() 12282 MB/s
[   11.467375] raid6: sse2x4   xor()  9868 MB/s
[   11.478375] raid6: using algorithm sse2x4 gen() 12282 MB/s
[   11.482122] raid6: .... xor() 9868 MB/s, rmw enabled
[   11.482945] raid6: using ssse3x2 recovery algorithm
[   11.488169] xor: automatically using best checksumming function:
[   11.559612]    avx       : 19447.000 MB/sec
[   11.570612] async_tx: api initialized (async)
[   11.594121] md: raid6 personality registered for level 6
[   11.600669] md: raid5 personality registered for level 5
[   11.603073] md: raid4 personality registered for level 4
[   11.628054] md: raid10 personality registered for level 10
done.
Begin: Running[   11.683512] Btrfs loaded
 /scripts/init-premount ... done.
Begin: Mounting root file system ... Begin: Running /scripts/local-top ... done.
Begin: Running /scripts/local-premount ... Scanning for Btrfs filesystems
done.
Warning: fsck no[   11.764579] EXT4-fs (sda1): mounted filesystem with ordered data mode. Opts: (null)
t present, so skipping root file system
done.
Begin: Running /scripts/local-bottom ... done.
Begin: Running /scripts/init-bottom ... done.
[   11.963548] systemd[1]: systemd 229 running in system mode. (+PAM +AUDIT +SELINUX +IMA +APPARMOR +SMACK +SYSVINIT +UTMP +LIBCRYPTSETUP +GCRYPT +GNUTLS +ACL +XZ -LZ4 +SECCOMP +BLKID +ELFUTILS +KMOD -IDN)
[   12.034262] systemd[1]: Detected virtualization oracle.
[   12.045675] systemd[1]: Detected architecture x86-64.

Welcome to [1mUbuntu 16.04.3 LTS[0m!

[   12.080332] systemd[1]: Set hostname to <ubuntu>.
[   12.086477] systemd[1]: Initializing machine ID from random generator.
[   12.132828] systemd[1]: Installed transient /etc/machine-id file.
[   12.244449] systemd[1]: Listening on Journal Socket.
[[0;32m  OK  [0m] Listening on Journal Socket.
[   12.265523] systemd[1]: Listening on /dev/initctl Compatibility Named Pipe.
[[0;32m  OK  [0m] Listening on /dev/initctl Compatibility Named Pipe.
[   12.286319] systemd[1]: Started Forward Password Requests to Wall Directory Watch.
[[0;32m  OK  [0m] Started Forward Password Requests to Wall Directory Watch.
[   12.367967] systemd[1]: Listening on LVM2 metadata daemon socket.
[[0;32m  OK  [0m] Listening on LVM2 metadata daemon socket.
[   12.392068] systemd[1]: Created slice System Slice.
[[0;32m  OK  [0m] Created slice System Slice.
[   12.451921] systemd[1]: Starting Remount Root and Kernel File Systems...
         Starting Remount[   12.472090] EXT4-fs (sda1): re-mounted. Opts: (null)
 Root and Kernel File Systems...
[   12.500926] systemd[1]: Set up automount Arbitrary Executable File Formats File System Automount Point.
[[0;32m  OK  [0m] Set up automount Arbitrary Executab...ats File System Automount Point.
[   12.512301] systemd[1]: Mounting POSIX Message Queue File System...
         Mounting POSIX Message Queue File System...
[   12.541412] systemd[1]: Started Trigger resolvconf update for networkd DNS.
[[0;32m  OK  [0m] Started Trigger resolvconf update for networkd DNS.
[   12.547543] systemd[1]: Listening on LVM2 poll daemon socket.
[[0;32m  OK  [0m] Listening on LVM2 poll daemon socket.
[   12.559706] systemd[1]: Listening on udev Kernel Socket.
[[0;32m  OK  [0m] Listening on udev Kernel Socket.
[   12.577812] systemd[1]: Created slice system-serial\x2dgetty.slice.
[[0;32m  OK  [0m] Created slice system-serial\x2dgetty.slice.
[   12.599935] systemd[1]: Starting Uncomplicated firewall...
         Starting Uncomplicated firewall...
[   12.610374] systemd[1]: Starting Create list of required static device nodes for the current kernel...
         Starting Create list of required st... nodes for the current kernel...
[   12.621083] systemd[1]: Reached target Encrypted Volumes.
[[0;32m  OK  [0m] Reached target Encrypted Volumes.
[   12.631303] systemd[1]: Mounting Debug File System...
         Mounting Debug File System...
[   12.655609] systemd[1]: Listening on Journal Socket (/dev/log).
[[0;32m  OK  [0m] Listening on Journal Socket (/dev/log).
[   12.687076] systemd[1]: Listening on Syslog Socket.
[[0;32m  OK  [0m] Listening on Syslog Socket.
[   12.689947] systemd[1]: Created slice User and Session Slice.
[[0;32m  OK  [0m] Created slice User and Session Slice.
[   12.723727] systemd[1]: Starting Nameserver information manager...
         Starting Nameserver information manager...
[   12.795741] systemd[1]: Reached target Swap.
[[0;32m  OK  [0m] Reached target Swap.
[   12.888006] systemd[1]: Starting Set console keymap...
         Starting Set console keymap...
[   12.944157] systemd[1]: Mounting Huge Pages File System...
         Mounting Huge Pages File System...
[   13.003669] systemd[1]: Starting Load Kernel Modules...
         [   13.079588] Loading iSCSI transport class v2.0-870.
Starting Load Ke[   13.150502] iscsi: registered transport (tcp)
rnel Modules...
[   13.225075] systemd[1]: Reached target User and Group Name Lookups.
[[   13.316656] random: nonblocking pool is initialized
[0;32m  OK  [0m] Reached target User and Group Name Lookups.
[   13.333721] systemd[1]: Listening on Journal Audit Socket.
[[0;32m  OK  [0m] Listening on Journal Audit Socket.
[   13.363278] iscsi: registered transport (iser)
[   13.379562] systemd[1]: Starting Journal Service...
         Starting Journal Service...
[   13.445325] systemd[1]: Reached target Slices.
[[0;32m  OK  [0m] Reached target Slices.
[   13.465305] systemd[1]: Listening on Device-mapper event daemon FIFOs.
[[0;32m  OK  [0m] Listening on Device-mapper event daemon FIFOs.
[   13.519931] systemd[1]: Starting Monitoring of LVM2 mirrors, snapshots etc. using dmeventd or progress polling...
         Starting Monitoring of LVM2 mirrors... dmeventd or progress polling...
[   13.536352] systemd[1]: Listening on udev Control Socket.
[[0;32m  OK  [0m] Listening on udev Control Socket.
[   13.553179] systemd[1]: Mounted Debug File System.
[[0;32m  OK  [0m] Mounted Debug File System.
[   13.623947] systemd[1]: Mounted Huge Pages File System.
[[0;32m  OK  [0m] Mounted Huge Pages File System.
[   13.710202] systemd[1]: Mounted POSIX Message Queue File System.
[[0;32m  OK  [0m] Mounted POSIX Message Queue File System.
[   13.740483] systemd[1]: Started Journal Service.
[[0;32m  OK  [0m] Started Journal Service.
[[0;32m  OK  [0m] Started Remount Root and Kernel File Systems.
[[0;32m  OK  [0m] Started Uncomplicated firewall.
[[0;32m  OK  [0m] Started Create list of required sta...ce nodes for the current kernel.
[[0;32m  OK  [0m] Started Set console keymap.
[[0;32m  OK  [0m] Started Load Kernel Modules.
[[0;32m  OK  [0m] Started Nameserver information manager.
[[0;32m  OK  [0m] Started LVM2 metadata daemon.
         Starting Apply Kernel Variables...
         Mounting FUSE Control File System...
         Starting Create Static Device Nodes in /dev...
         Starting udev Coldplug all Devices...
         Starting Load/Save Random Seed...
         Starting Initial cloud-init job (pre-networking)...
         Starting Flush Journal to Persistent Storage...
[[0;32m  OK  [0m] Mounted FUSE Control File System.
[[0;32m  OK  [0m] Started Apply Kernel Variables.
[[0;32m  OK  [0m] Started Create Static Device Nodes in /dev.
[[0;32m  OK  [0m] Started Load/Save Random Seed.
[[0;32m  OK  [0m] Started udev Coldplug all Devices.
[[0;32m  OK  [0m] Started Flush Journal to Persistent Storage.
         Starting udev Kernel Device Manager...
[[0;32m  OK  [0m] Started udev Kernel Device Manager.
[[0;32m  OK  [0m] Started Dispatch Password Requests to Console Directory Watch.
[[0;32m  OK  [0m] Started Monitoring of LVM2 mirrors,...ng dmeventd or progress polling.
[[0;32m  OK  [0m] Found device /dev/ttyS0.
[[0;32m  OK  [0m] Reached target Local File Systems (Pre).
[[0;32m  OK  [0m] Reached target Local File Systems.
         Starting LSB: AppArmor initialization...
         Starting Tell Plymouth To Write Out Runtime Data...
         Starting Set console font and keymap...
         Starting Create Volatile Files and Directories...
         Starting Commit a transient machine-id on disk...
[   12.554291] [cloud-init[0;32m  OK  [0m[454]: ] Cloud-init v. 0.7.9 running 'init-local' at Thu, 21 Dec 2017 19:03:30 +0000. Up 12.13 seconds.Started Tell Plymouth To Write Out Runtime Data.

[[0;32m  OK  [0m] Started Create Volatile Files and Directories.
[[0;32m  OK  [0m] Started Commit a transient machine-id on disk.
[[0;32m  OK  [0m] Started Initial cloud-init job (pre-networking).
[[0;32m  OK  [0m] Listening on Load/Save RF Kill Switch Status /dev/rfkill Watch.
[[0;32m  OK  [0m] Reached target Network (Pre).
[[0;32m  OK  [0m] Reached target System Time Synchronized.
         Starting Update UTMP about System Boot/Shutdown...
[[0;32m  OK  [0m] Started Set console font and keymap.
[[0;32m  OK  [0m] Created slice system-getty.slice.
[[0;32m  OK  [0m] Started Update UTMP about System Boot/Shutdown.
[[0;32m  OK  [0m] Started LSB: AppArmor initialization.
         Starting Raise network interfaces...
[[0;32m  OK  [0m] Started Raise network interfaces.
[[0;32m  OK  [0m] Reached target Network.
         Starting Initial cloud-init job (metadata service crawler)...
[   16.191259] cloud-init[974]: Cloud-init v. 0.7.9 running 'init' at Thu, 21 Dec 2017 19:03:34 +0000. Up 15.50 seconds.
[   16.224534] cloud-init[974]: ci-info: ++++++++++++++++++++++++++++++++++++++Net device info++++++++++++++++++++++++++++++++++++++
[   16.246183] cloud-init[974]: ci-info: +--------+-------+----------------------------+---------------+-------+-------------------+
[   16.276634] cloud-init[974]: ci-info: | Device |   Up  |          Address           |      Mask     | Scope |     Hw-Address    |
[   16.276860] cloud-init[974]: ci-info: +--------+-------+----------------------------+---------------+-------+-------------------+
[[0;32m  OK  [0m] Started Initial cloud-init job (metadata service crawler).
[   16.276996] cloud-init[974]: ci-info: | enp0s8 | False |             .              |       .       |   .   | 08:00:27:9e:10:65 |
[   16.368431] cloud-init[974]: ci-info: | enp0s3 |  True |         10.0.2.15          | 255.255.255.0 |   .   | 02:14:68:3e:84:47 |
[   16.368788] cloud-init[974]: ci-info: | enp0s3 |  True | fe80::14:68ff:fe3e:8447/64 |       .       |  link | 02:14:68:3e:84:47 |
[[0;32m  OK  [0m] Reached target Network is Online.
[   16.368901] cloud-init[974]: ci-info: |   lo   |  True |         127.0.0.1          |   255.0.0.0   |   .   |         .         |
[   16.482135] cloud-init[974]: ci-info: |   lo   |  True |          ::1/128           |       .       |  host |         .         |
[   16.482369] cloud-init[974]: ci-info: +--------+-------+----------------------------+---------------+-------+-------------------+
         Starting iSCSI initiator daemon (iscsid)...
[   16.482490] cloud-init[974]: ci-info: +++++++++++++++++++++++++++Route IPv4 info++++++++++++++++++++++++++++
[   16.509605] cloud-init[974]: ci-info: +-------+-------------+----------+---------------+-----------+-------+
[[0;32m  OK  [0m] Reached target Cloud-config availability.
[   16.510003] cloud-init[974]: ci-info: | Route | Destination | Gateway  |    Genmask    | Interface | Flags |
[   16.558270] cloud-init[974]: ci-info: +-------+-------------+----------+---------------+-----------+-------+
[[0;32m  OK  [0m] Reached target System Initialization.
[   16.558358] cloud-init[974]: ci-info: |   0   |   0.0.0.0   | 10.0.2.2 |    0.0.0.0    |   enp0s3  |   UG  |
[[   16.591015] [0;32m  OK  [0mcloud-init] [974]: Listening on UUID daemon activation socket.ci-info: |   1   |   10.0.2.0  | 0.0.0.0  | 255.255.255.0 |   enp0s3  |   U   |

[   16.635342] cloud-init[974]: ci-info: +-------+-------------+----------+---------------+-----------+-------+
[   16.635571] cloud-init[974]: Generating public/private rsa key pair.
[[0;32m  OK  [0m] Started ACPI Events Check.
[   16.635713] cloud-init[974]: Your identification has been saved in /etc/ssh/ssh_host_rsa_key.
[   16.680905] cloud-init[974]: Your public key has been saved in /etc/ssh/ssh_host_rsa_key.pub.
[[0;32m  OK  [0m] Reached target Paths.
[   16.680985] cloud-init[974]: The key fingerprint is:
[   16.717356] cloud-init[974]: SHA256:Gi7jPL/2qPofVrp4yYY8Ch+oXxOZM+FxfKpgHtpZGMQ root@ubuntu-xenial
[   16.718041] cloud-init[974]: The key's randomart image is:
[   16.718077] cloud-init[974]: +---[RSA 2048]----+
[   16.718699] cloud-init[974]: | ..              |
         Starting Socket activation for snappy daemon.
[   16.718848] cloud-init[974]: | .E  .           |
[   16.765853] cloud-init[974]: |  . o o .        |
[[0;32m  OK  [0m] Listening on ACPID Listen Socket.
[   16.766169] cloud-init[974]: |   + * o         |
[   16.792355] cloud-init[974]: |  = O o S        |
[   16.792622] cloud-init[974]: | * = * =         |
[[0;32m  OK  [0m] Started Timer to automatically refresh installed snaps.
[   16.792908] cloud-init[974]: |+ =.*o*.         |
[   16.823119] cloud-init[974]: |.o ==**+         |
[[0;32m  OK  [0m] Started Daily Cleanup of Temporary Directories.
[   16.823211] [cloud-init[0;32m  OK  [0m[974]: ] |..=+*X*o.        |Started Timer to automatically fetch and run repair assertions.

[   16.920677] cloud-init[974]: +----[SHA256]-----+
[   16.920970] [cloud-init[0;32m  OK  [0m[974]: ] Generating public/private dsa key pair.Listening on D-Bus System Message Bus Socket.

[   16.921498] cloud-init[974]: Your identification has been saved in /etc/ssh/ssh_host_dsa_key.
[[0;32m  OK  [0m] Started Daily apt download activities.
[[   16.960306] cloud-init[974]: Your public key has been saved in /etc/ssh/ssh_host_dsa_key.pub.
[   16.980130] cloud-init[974]: The key fingerprint is:
[0;32m  OK  [0m] Started Daily apt upgrade and clean activities.
[[   16.980181] cloud-init[974]: SHA256:MKli2y9hOgjvuTkHSOjiAwsjFU1lKFO4Ty7dT3n2KUQ root@ubuntu-xenial
[   17.030592] cloud-init[974]: The key's randomart image is:
[   17.030668] cloud-init[974]: +---[DSA 1024]----+
[   17.030801] cloud-init[974]: |   =ooo          |
[   17.030925] cloud-init[974]: |  = o. .         |
[   17.031052] cloud-init[974]: |.  =  +          |
[   17.031201] cloud-init[974]: |..o .. o  E      |
[0;32m  OK  [0m] Reached target Timers.
[   17.031314] cloud-init[974]: |ooo=..  So       |
[   17.058900] cloud-init[974]: |Ooo+* . o +      |
[   17.059152] cloud-init[974]: |B=.=.. o + . .   |
         Starting LXD - unix socket.
[   17.059302] cloud-init[974]: |oo=oo.  . . o    |
[   17.105847] cloud-init[974]: | .*= ..    .     |
[   17.120236] cloud-init[974]: +----[SHA256]-----+
[   17.120481] cloud-init[974]: Generating public/private ecdsa key pair.
[[0;32m  OK  [0m] Listening on Socket activation for snappy daemon.
[   17.120610] cloud-init[974]: Your identification has been saved in /etc/ssh/ssh_host_ecdsa_key.
[   17.133763] cloud-init[974]: Your public key has been saved in /etc/ssh/ssh_host_ecdsa_key.pub.
[[0;32m  OK  [0m] Listening on LXD - unix socket.
[   17.133905] cloud-init[974]: The key fingerprint is:
[   17.161203] cloud-init[974]: SHA256:ViY/fXDRJOuLV4jejkwQYfv+Y6He28w4HC8moNI4cKU root@ubuntu-xenial
[[0;32m  OK  [0m] Started iSCSI initiator daemon (iscsid).
[   17.161285] cloud-init[974]: The key's randomart image is:
[   17.236461] cloud-init[974]: +---[ECDSA 256]---+
[   17.236744] cloud-init[974]: |          o   oo.|
         Starting Login to default iSCSI targets...
[   17.236860] cloud-init[974]: |         . o   +.|
[   17.257473] cloud-init[974]: |        . = . o  |
[[0;32m  OK  [0m] Reached target Sockets.
[   17.257555] cloud-init[974]: |        .= + = . |
[   17.268362] cloud-init[974]: |       oS + + + .|
[[0;32m  OK  [0m] Reached target Basic System.
[   17.268784] cloud-init[974]: |    . E.  .= +oo |
[   17.283683] cloud-init[974]: |     o o . .=o++ |
[   17.301540] cloud-init[974]: |      + o  oo*B=.|
[[0;32m  OK  [0m] Started Regular background program processing daemon.
[   17.301816] cloud-init[974]: |       o   .++*=+|
[   17.341159] cloud-init[974]: +----[SHA256]-----+
[   17.341422] cloud-init[974]: Generating public/private ed25519 key pair.
[[0;32m  OK  [0m] Started Unattended Upgrades Shutdown.
[   17.341548] cloud-init[974]: Your identification has been saved in /etc/ssh/ssh_host_ed25519_key.
[   17.424260] cloud-init[974]: Your public key has been saved in /etc/ssh/ssh_host_ed25519_key.pub.
[   17.424783] cloud-init[974]: The key fingerprint is:
         Starting Pollinate to seed the pseudo random number generator...
[   17.425134] cloud-init[974]: SHA256:VaH8e5b+zPx4dPG1com2qG4WJX+GX40yiSvO0SB4R8I root@ubuntu-xenial
[   17.491661] cloud-init[974]: The key's randomart image is:
[   17.520707] cloud-init[974]: +--[ED25519 256]--+
[   17.520954] cloud-init[974]: |            o.   |
[[0;32m  OK  [0m] Started FUSE filesystem for LXC.
[   17.521081] cloud-init[974]: |     .   . o     |
         [   17.564298] Starting LXD - container startup/shutdown...cloud-init
[974]: |      E . +      |
[   17.588433] cloud-init[974]: |     . o o o   ..|
[   17.588691] cloud-init[974]: |    . o S +.o...B|
         Starting LSB: Record successful boot for GRUB...
[   17.588834] cloud-init[974]: |     . o +.o+B.*=|
[   17.627519] cloud-init[974]: |        . o.BoO..|
[   17.636501] cloud-init[974]: |       ..+.. * =.|
[   17.636749] cloud-init[974]: |       .*+.   ooB|
         Starting LSB: MD monitoring daemon...
[   17.636874] cloud-init[974]: +----[SHA256]-----+
         Starting Apply the settings specified in cloud-config...
         Starting Login Service...
         Starting Accounts Service...
         Starting System Logging Service...
[[0;32m  OK  [0m] Started ACPI event daemon.
         Starting /etc/rc.local Compatibility...
[[0;32m  OK  [0m] Started D-Bus System Message Bus.
[[0;32m  OK  [0m] Started Deferred execution scheduler.
         Starting Snappy daemon...
[[0;32m  OK  [0m] Started System Logging Service.
[[0;32m  OK  [0m] Started Pollinate to seed the pseudo random number generator.
[[0;32m  OK  [0m] Started LXD - container startup/shutdown.
[[0;32m  OK  [0m] Started /etc/rc.local Compatibility.
[[0;32m  OK  [0m] Started LSB: Record successful boot for GRUB.
[[0;32m  OK  [0m] Started Snappy daemon.
[[0;32m  OK  [0m] Started Login to default iSCSI targets.
[[0;32m  OK  [0m] Started LSB: MD monitoring daemon.
[[0;32m  OK  [0m] Started Login Service.
         Starting Authenticate and Authorize Users to Run Privileged Tasks...
[[0;32m  OK  [0m] Reached target Remote File Systems (Pre).
[[0;32m  OK  [0m] Reached target Remote File Systems.
         Starting LSB: automatic crash report generation...
[   18.149904] cloud-init[1147]: Generating locales (this might take a while)...
         Starting LSB: VirtualBox Linux Additions...
         Starting LSB: Set the CPU Frequency Scaling governor to "ondemand"...
         Starting LSB: daemon to balance interrupts for SMP systems...
         Starting Permit User Sessions...
         Starting Auto import assertions from block devices...
         Starting OpenBSD Secure Shell server...
[[0;32m  OK  [0m] Started OpenBSD Secure Shell server.
[[0;32m  OK  [0m] Started Permit User Sessions.
[[0;32m  OK  [0m] Started Auto import assertions from block devices.
[[0;32m  OK  [0m] Started Authenticate and Authorize Users to Run Privileged Tasks.
[[0;32m  OK  [0m] Started Accounts Service.
[[0;32m  OK  [0m] Started LSB: Set the CPU Frequency Scaling governor to "ondemand".
[[0;32m  OK  [0m] Started LSB: automatic crash report generation.
[[0;32m  OK  [0m] Started LSB: VirtualBox Linux Additions.
[[0;32m  OK  [0m] Started LSB: daemon to balance interrupts for SMP systems.
         Starting Terminate Plymouth Boot Screen...
         Starting Hold until boot process finishes up...
[[0;32m  OK  [0m] Started Hold until boot process finishes up.
[[0;32m  OK  [0m] Started Terminate Plymouth Boot Screen.
[[0;32m  OK  [0m] Started Serial Getty on ttyS0.
         Starting Set console scheme...
[[0;32m  OK  [0m] Started Getty on tty1.
[[0;32m  OK  [0m] Reached target Login Prompts.
[[0;32m  OK  [0m] Reached target Multi-User System.
[[0;32m  OK  [0m] Reached target Graphical Interface.
         Starting Update UTMP about System Runlevel Changes...
[[0;32m  OK  [0m] Started Set console scheme.
[[0;32m  OK  [0m] Started Update UTMP about System Runlevel Changes.
[   18.970259] cloud-init[1147]:   en_US.UTF-8... done
[   18.984664] cloud-init[1147]: Generation complete.
         Stopping OpenBSD Secure Shell server...
[[0;32m  OK  [0m] Stopped OpenBSD Secure Shell server.
         Starting OpenBSD Secure Shell server...
[[0;32m  OK  [0m] Started OpenBSD Secure Shell server.
[   19.367831] cloud-init[1147]: Cloud-init v. 0.7.9 running 'modules:config' at Thu, 21 Dec 2017 19:03:36 +0000. Up 18.01 seconds.
[[0;32m  OK  [0m] Started Apply the settings specified in cloud-config.
         Starting Execute cloud user/final scripts...
ci-info: no authorized ssh keys fingerprints found for user ubuntu.
<14>Dec 21 19:03:38 ec2: 
<14>Dec 21 19:03:38 ec2: #############################################################
<14>Dec 21 19:03:38 ec2: -----BEGIN SSH HOST KEY FINGERPRINTS-----
<14>Dec 21 19:03:38 ec2: 1024 SHA256:MKli2y9hOgjvuTkHSOjiAwsjFU1lKFO4Ty7dT3n2KUQ root@ubuntu-xenial (DSA)
<14>Dec 21 19:03:38 ec2: 256 SHA256:ViY/fXDRJOuLV4jejkwQYfv+Y6He28w4HC8moNI4cKU root@ubuntu-xenial (ECDSA)
<14>Dec 21 19:03:38 ec2: 256 SHA256:VaH8e5b+zPx4dPG1com2qG4WJX+GX40yiSvO0SB4R8I root@ubuntu-xenial (ED25519)
<14>Dec 21 19:03:38 ec2: 2048 SHA256:Gi7jPL/2qPofVrp4yYY8Ch+oXxOZM+FxfKpgHtpZGMQ root@ubuntu-xenial (RSA)
<14>Dec 21 19:03:38 ec2: -----END SSH HOST KEY FINGERPRINTS-----
<14>Dec 21 19:03:38 ec2: #############################################################
-----BEGIN SSH HOST KEY KEYS-----
ecdsa-sha2-nistp256 AAAAE2VjZHNhLXNoYTItbmlzdHAyNTYAAAAIbmlzdHAyNTYAAABBBBam1jrTHNU1Wug5t44fFhJN03UGySrXf0Upbz03yEJVPuEUi6UXSldza5egU+IebytBFKrDA7EFqMPZSyywtDk= root@ubuntu-xenial
ssh-ed25519 AAAAC3NzaC1lZDI1NTE5AAAAILH0RHtAEWU9KmBPNAXeE4FfOunC4yvo0ZM1bcpUAwKu root@ubuntu-xenial
ssh-rsa AAAAB3NzaC1yc2EAAAADAQABAAABAQDQRZf4T+fxCgt7rCvw3n2mn0IVQVP4Zeflx4dBRp3OV2mhiA9wrO59SoS/12DSrdQOCV20r3YEWkUYnZkg2hDhmk8Gghfk6tRYkjwEFoVSiyVSg0GG0E4SfSaIblkhc/TlLuPA82P6NDNxW5IfK1Df2G/nBw0MeHPE+la6h8+NeUaRmksLV5RMEnmIrDeA09/ndUPWi9VyjsiRG9xbEByi1Og030I3eXlXeIBE+iag2e4p/NPfEYyEVkF8lA3513z95hhmot4M4Sbuewg3ZiMwtdbrO0mmTTsHPVdNcAW4ufx5QP6YpxcNDHHk8BGbvpOx1NRMghSd+c66+Cxu24Wn root@ubuntu-xenial
-----END SSH HOST KEY KEYS-----
[   20.017863] cloud-init[1354]: Cloud-init v. 0.7.9 running 'modules:final' at Thu, 21 Dec 2017 19:03:38 +0000. Up 19.70 seconds.
[   20.042845] cloud-init[1354]: ci-info: no authorized ssh keys fingerprints found for user ubuntu.
[   20.063532] cloud-init[1354]: Cloud-init v. 0.7.9 finished at Thu, 21 Dec 2017 19:03:38 +0000. Datasource DataSourceNoCloudNet [seed=/dev/sdb][dsmode=net].  Up 20.01 seconds
[[0;32m  OK  [0m] Started Execute cloud user/final scripts.
[[0;32m  OK  [0m] Reached target Cloud-init target.

Ubuntu 16.04.3 LTS ubuntu-xenial ttyS0

ubuntu-xenial login: 